2016-06-04T22:08:47 - info: 
oooooooooooooooooooooooooooooooooooooooooooooooooooooooooooooooo
  ____                   ____            _   _
 / ___|_ __ ___  ___ ___/ ___|  ___  ___| |_(_) ___  _ __  ___
| |   | '__/ _ \/ __/ __\___ \ / _ \/ __| __| |/ _ \| '_ \/ __|
| |___| | | (_) \__ \__ \___) |  __/ (__| |_| | (_) | | | \__ \
 \____|_|  \___/|___/___/____/ \___|\___|\__|_|\___/|_| |_|___/
oooooooooooooooooooooooooooooooooooooooooooooooooooooooooooooooo

2016-06-04T22:09:39 - info: 
oooooooooooooooooooooooooooooooooooooooooooooooooooooooooooooooo
  ____                   ____            _   _
 / ___|_ __ ___  ___ ___/ ___|  ___  ___| |_(_) ___  _ __  ___
| |   | '__/ _ \/ __/ __\___ \ / _ \/ __| __| |/ _ \| '_ \/ __|
| |___| | | (_) \__ \__ \___) |  __/ (__| |_| | (_) | | | \__ \
 \____|_|  \___/|___/___/____/ \___|\___|\__|_|\___/|_| |_|___/
oooooooooooooooooooooooooooooooooooooooooooooooooooooooooooooooo

2016-06-04T22:09:42 - info: Dict{Any,Any}("name"=>"Mg+H; 8 channels with additional <i|∂²/∂R²|j> matrix elemets","calculation"=>Dict{Any,Any}("ODE-solver"=>Dict{Any,Any}("method"=>"Runge-Kutta 4th order","internal-steps"=>20,"couplings"=>Dict{Any,Any}("<|∂/∂R|>"=>true,"off-diagonal-hamiltonian-elements"=>false,"<|∂²/∂R²|>"=>true,"rotational"=>false),"ortogonalization"=>true),"impact-parameter"=>Dict{Any,Any}("stop"=>"20.0 bohr","step"=>"0.01 bohr","start"=>"0.0 bohr"),"xAiry-parameter"=>3.0,"energy"=>Dict{Any,Any}("stop"=>"20.0 eV","step"=>"0.1 eV","start"=>"10.0 eV"),"integration-method"=>"trapezoidal","interpolation-method"=>"c-spline","internuclear-distance"=>Dict{Any,Any}("stop"=>"100.0 bohr","step"=>"0.1 bohr","start"=>"0.5 bohr")),"input-data"=>Dict{Any,Any}("quantum-chemical-data"=>Dict{Any,Any}("adiabatic-potentials"=>"in/adpot.txt","<|∂/∂R|>-couplings"=>"in/nacme.txt")),"output-data"=>Dict{Any,Any}("s-matrix"=>Dict{Any,Any}("file-path"=>"out/s-matrix.txt"),"cross-sections"=>Dict{Any,Any}("file-path"=>"out/cross-sections.txt"),"r-matrix"=>Dict{Any,Any}("file-path"=>"out/r-matrix.txt"),"probabilities"=>Dict{Any,Any}("file-path"=>"out/probabilities.txt")),"atoms"=>Any["H","Mg"])
2016-06-04T22:10:51 - info: 
oooooooooooooooooooooooooooooooooooooooooooooooooooooooooooooooo
  ____                   ____            _   _
 / ___|_ __ ___  ___ ___/ ___|  ___  ___| |_(_) ___  _ __  ___
| |   | '__/ _ \/ __/ __\___ \ / _ \/ __| __| |/ _ \| '_ \/ __|
| |___| | | (_) \__ \__ \___) |  __/ (__| |_| | (_) | | | \__ \
 \____|_|  \___/|___/___/____/ \___|\___|\__|_|\___/|_| |_|___/
oooooooooooooooooooooooooooooooooooooooooooooooooooooooooooooooo

2016-06-04T22:10:54 - info: Dict{Any,Any}("name"=>"Mg+H; 8 channels with additional <i|∂²/∂R²|j> matrix elemets","calculation"=>Dict{Any,Any}("ODE-solver"=>Dict{Any,Any}("method"=>"Runge-Kutta 4th order","internal-steps"=>20,"couplings"=>Dict{Any,Any}("<|∂/∂R|>"=>true,"off-diagonal-hamiltonian-elements"=>false,"<|∂²/∂R²|>"=>true,"rotational"=>false),"ortogonalization"=>true),"impact-parameter"=>Dict{Any,Any}("stop"=>"20.0 bohr","step"=>"0.01 bohr","start"=>"0.0 bohr"),"xAiry-parameter"=>3.0,"energy"=>Dict{Any,Any}("stop"=>"20.0 eV","step"=>"0.1 eV","start"=>"10.0 eV"),"integration-method"=>"trapezoidal","interpolation-method"=>"c-spline","internuclear-distance"=>Dict{Any,Any}("stop"=>"100.0 bohr","step"=>"0.1 bohr","start"=>"0.5 bohr")),"input-data"=>Dict{Any,Any}("quantum-chemical-data"=>Dict{Any,Any}("adiabatic-potentials"=>"in/adpot.txt","<|∂/∂R|>-couplings"=>"in/nacme.txt")),"output-data"=>Dict{Any,Any}("s-matrix"=>Dict{Any,Any}("file-path"=>"out/s-matrix.txt"),"cross-sections"=>Dict{Any,Any}("file-path"=>"out/cross-sections.txt"),"r-matrix"=>Dict{Any,Any}("file-path"=>"out/r-matrix.txt"),"probabilities"=>Dict{Any,Any}("file-path"=>"out/probabilities.txt")),"atoms"=>Any["H","Mg"])
2016-06-04T22:12:50 - info: 
oooooooooooooooooooooooooooooooooooooooooooooooooooooooooooooooo
  ____                   ____            _   _
 / ___|_ __ ___  ___ ___/ ___|  ___  ___| |_(_) ___  _ __  ___
| |   | '__/ _ \/ __/ __\___ \ / _ \/ __| __| |/ _ \| '_ \/ __|
| |___| | | (_) \__ \__ \___) |  __/ (__| |_| | (_) | | | \__ \
 \____|_|  \___/|___/___/____/ \___|\___|\__|_|\___/|_| |_|___/
oooooooooooooooooooooooooooooooooooooooooooooooooooooooooooooooo

2016-06-04T22:12:53 - info: Dict{Any,Any}("name"=>"Mg+H; 8 channels with additional <i|∂²/∂R²|j> matrix elemets","calculation"=>Dict{Any,Any}("ODE-solver"=>Dict{Any,Any}("method"=>"Runge-Kutta 4th order","internal-steps"=>20,"couplings"=>Dict{Any,Any}("<|∂/∂R|>"=>true,"off-diagonal-hamiltonian-elements"=>false,"<|∂²/∂R²|>"=>true,"rotational"=>false),"ortogonalization"=>true),"impact-parameter"=>Dict{Any,Any}("stop"=>20.0,"step"=>0.01,"start"=>0.0),"xAiry-parameter"=>3.0,"energy"=>Dict{Any,Any}("stop"=>20.0,"step"=>0.1,"start"=>10.0),"integration-method"=>"trapezoidal","interpolation-method"=>"c-spline","internuclear-distance"=>Dict{Any,Any}("stop"=>100.0,"step"=>0.1,"start"=>0.5)),"input-data"=>Dict{Any,Any}("quantum-chemical-data"=>Dict{Any,Any}("adiabatic-potentials"=>"in/adpot.txt","<|∂/∂R|>-couplings"=>"in/nacme.txt")),"output-data"=>Dict{Any,Any}("s-matrix"=>Dict{Any,Any}("file-path"=>"out/s-matrix.txt"),"cross-sections"=>Dict{Any,Any}("file-path"=>"out/cross-sections.txt"),"r-matrix"=>Dict{Any,Any}("file-path"=>"out/r-matrix.txt"),"probabilities"=>Dict{Any,Any}("file-path"=>"out/probabilities.txt")),"atoms"=>Any["H","Mg"])
2016-06-04T22:15:07 - info: 
oooooooooooooooooooooooooooooooooooooooooooooooooooooooooooooooo
  ____                   ____            _   _
 / ___|_ __ ___  ___ ___/ ___|  ___  ___| |_(_) ___  _ __  ___
| |   | '__/ _ \/ __/ __\___ \ / _ \/ __| __| |/ _ \| '_ \/ __|
| |___| | | (_) \__ \__ \___) |  __/ (__| |_| | (_) | | | \__ \
 \____|_|  \___/|___/___/____/ \___|\___|\__|_|\___/|_| |_|___/
oooooooooooooooooooooooooooooooooooooooooooooooooooooooooooooooo

2016-06-04T22:15:10 - info: Dict{Any,Any}("name"=>"Mg+H; 8 channels with additional <i|∂²/∂R²|j> matrix elemets","calculation"=>Dict{Any,Any}("ODE-solver"=>Dict{Any,Any}("method"=>"Runge-Kutta 4th order","internal-steps"=>20,"couplings"=>Dict{Any,Any}("<|∂/∂R|>"=>true,"off-diagonal-hamiltonian-elements"=>false,"<|∂²/∂R²|>"=>true,"rotational"=>false),"ortogonalization"=>true),"impact-parameter"=>Dict{Any,Any}("stop"=>20.0,"step"=>0.01,"start"=>0.0),"xAiry-parameter"=>3.0,"energy"=>Dict{Any,Any}("stop"=>20.0,"step"=>0.1,"start"=>10.0),"integration-method"=>"trapezoidal","interpolation-method"=>"c-spline","internuclear-distance"=>Dict{Any,Any}("stop"=>100.0,"step"=>0.1,"start"=>0.5)),"input-data"=>Dict{Any,Any}("quantum-chemical-data"=>Dict{Any,Any}("adiabatic-potentials"=>"in/adpot.txt","<|∂/∂R|>-couplings"=>"in/nacme.txt")),"output-data"=>Dict{Any,Any}("s-matrix"=>Dict{Any,Any}("file-path"=>"out/s-matrix.txt"),"cross-sections"=>Dict{Any,Any}("file-path"=>"out/cross-sections.txt"),"r-matrix"=>Dict{Any,Any}("file-path"=>"out/r-matrix.txt"),"probabilities"=>Dict{Any,Any}("file-path"=>"out/probabilities.txt")),"atoms"=>Any["H","Mg"])
2016-06-04T23:45:07 - info: 
oooooooooooooooooooooooooooooooooooooooooooooooooooooooooooooooo
  ____                   ____            _   _
 / ___|_ __ ___  ___ ___/ ___|  ___  ___| |_(_) ___  _ __  ___
| |   | '__/ _ \/ __/ __\___ \ / _ \/ __| __| |/ _ \| '_ \/ __|
| |___| | | (_) \__ \__ \___) |  __/ (__| |_| | (_) | | | \__ \
 \____|_|  \___/|___/___/____/ \___|\___|\__|_|\___/|_| |_|___/
oooooooooooooooooooooooooooooooooooooooooooooooooooooooooooooooo

2016-06-04T23:45:09 - info: Dict{Any,Any}("name"=>"Mg+H; 8 channels with additional <i|∂²/∂R²|j> matrix elemets","calculation"=>Dict{Any,Any}("ODE-solver"=>Dict{Any,Any}("method"=>"Runge-Kutta 4th order","internal-steps"=>20,"couplings"=>Dict{Any,Any}("<|∂/∂R|>"=>true,"off-diagonal-hamiltonian-elements"=>false,"<|∂²/∂R²|>"=>true,"rotational"=>false),"ortogonalization"=>true),"impact-parameter"=>Dict{Any,Any}("stop"=>20.0,"step"=>0.01,"start"=>0.0),"xAiry-parameter"=>3.0,"energy"=>Dict{Any,Any}("stop"=>20.0,"step"=>0.1,"start"=>10.0),"integration-method"=>"trapezoidal","interpolation-method"=>"c-spline","internuclear-distance"=>Dict{Any,Any}("stop"=>100.0,"step"=>0.1,"start"=>0.5)),"input-data"=>Dict{Any,Any}("quantum-chemical-data"=>Dict{Any,Any}("adiabatic-potentials"=>"in/adpot.txt","<|∂/∂R|>-couplings"=>"in/nacme.txt")),"output-data"=>Dict{Any,Any}("s-matrix"=>Dict{Any,Any}("file-path"=>"out/s-matrix.txt"),"cross-sections"=>Dict{Any,Any}("file-path"=>"out/cross-sections.txt"),"r-matrix"=>Dict{Any,Any}("file-path"=>"out/r-matrix.txt"),"probabilities"=>Dict{Any,Any}("file-path"=>"out/probabilities.txt")),"atoms"=>Any["H","Mg"])
2016-06-04T23:45:57 - info: 
oooooooooooooooooooooooooooooooooooooooooooooooooooooooooooooooo
  ____                   ____            _   _
 / ___|_ __ ___  ___ ___/ ___|  ___  ___| |_(_) ___  _ __  ___
| |   | '__/ _ \/ __/ __\___ \ / _ \/ __| __| |/ _ \| '_ \/ __|
| |___| | | (_) \__ \__ \___) |  __/ (__| |_| | (_) | | | \__ \
 \____|_|  \___/|___/___/____/ \___|\___|\__|_|\___/|_| |_|___/
oooooooooooooooooooooooooooooooooooooooooooooooooooooooooooooooo

2016-06-04T23:46:00 - info: Dict{Any,Any}("name"=>"Mg+H; 8 channels with additional <i|∂²/∂R²|j> matrix elemets","calculation"=>Dict{Any,Any}("ODE-solver"=>Dict{Any,Any}("method"=>"Runge-Kutta 4th order","internal-steps"=>20,"couplings"=>Dict{Any,Any}("<|∂/∂R|>"=>true,"off-diagonal-hamiltonian-elements"=>false,"<|∂²/∂R²|>"=>true,"rotational"=>false),"ortogonalization"=>true),"impact-parameter"=>Dict{Any,Any}("stop"=>20.0,"step"=>0.01,"start"=>0.0),"xAiry-parameter"=>3.0,"energy"=>Dict{Any,Any}("stop"=>20.0,"step"=>0.1,"start"=>10.0),"integration-method"=>"trapezoidal","interpolation-method"=>"c-spline","internuclear-distance"=>Dict{Any,Any}("stop"=>100.0,"step"=>0.1,"start"=>0.5)),"input-data"=>Dict{Any,Any}("quantum-chemical-data"=>Dict{Any,Any}("adiabatic-potentials"=>"in/adpot.txt","<|∂/∂R|>-couplings"=>"in/nacme.txt")),"output-data"=>Dict{Any,Any}("s-matrix"=>Dict{Any,Any}("file-path"=>"out/s-matrix.txt"),"cross-sections"=>Dict{Any,Any}("file-path"=>"out/cross-sections.txt"),"r-matrix"=>Dict{Any,Any}("file-path"=>"out/r-matrix.txt"),"probabilities"=>Dict{Any,Any}("file-path"=>"out/probabilities.txt")),"atoms"=>Any["H","Mg"])
2016-06-05T20:56:14 - info: 
oooooooooooooooooooooooooooooooooooooooooooooooooooooooooooooooo
  ____                   ____            _   _
 / ___|_ __ ___  ___ ___/ ___|  ___  ___| |_(_) ___  _ __  ___
| |   | '__/ _ \/ __/ __\___ \ / _ \/ __| __| |/ _ \| '_ \/ __|
| |___| | | (_) \__ \__ \___) |  __/ (__| |_| | (_) | | | \__ \
 \____|_|  \___/|___/___/____/ \___|\___|\__|_|\___/|_| |_|___/
oooooooooooooooooooooooooooooooooooooooooooooooooooooooooooooooo

2016-06-05T20:56:17 - info: Dict{Any,Any}("name"=>"Mg+H; 8 channels with additional <i|∂²/∂R²|j> matrix elemets","calculation"=>Dict{Any,Any}("ODE-solver"=>Dict{Any,Any}("method"=>"Runge-Kutta 4th order","internal-steps"=>20,"couplings"=>Dict{Any,Any}("<|∂/∂R|>"=>true,"off-diagonal-hamiltonian-elements"=>false,"<|∂²/∂R²|>"=>true,"rotational"=>false),"ortogonalization"=>true),"impact-parameter"=>Dict{Any,Any}("stop"=>20.0,"step"=>0.01,"start"=>0.0),"xAiry-parameter"=>3.0,"energy"=>Dict{Any,Any}("stop"=>20.0,"step"=>0.1,"start"=>10.0),"integration-method"=>"trapezoidal","interpolation-method"=>"c-spline","internuclear-distance"=>Dict{Any,Any}("stop"=>100.0,"step"=>0.1,"start"=>0.5)),"input-data"=>Dict{Any,Any}("quantum-chemical-data"=>Dict{Any,Any}("adiabatic-potentials"=>"in/adpot.txt","<|∂/∂R|>-couplings"=>"in/nacme.txt")),"output-data"=>Dict{Any,Any}("s-matrix"=>Dict{Any,Any}("file-path"=>"out/s-matrix.txt"),"cross-sections"=>Dict{Any,Any}("file-path"=>"out/cross-sections.txt"),"r-matrix"=>Dict{Any,Any}("file-path"=>"out/r-matrix.txt"),"probabilities"=>Dict{Any,Any}("file-path"=>"out/probabilities.txt")),"atoms"=>Any["H","Mg"])
